# JRE version: OpenJDK Runtime Environment (11.0.15) (build 11.0.15+0-b2043.56-9505619)
# Java VM: OpenJDK 64-Bit Server VM (11.0.15+0-b2043.56-9505619, mixed mode, tiered, compressed oops, g1 gc, windows-amd64)
Heap:
 garbage-first heap   total 262144K, used 205129K [0x0000000080000000, 0x0000000100000000)
  region size 1024K, 42 young (43008K), 2 survivors (2048K)
 Metaspace       used 133923K, capacity 138277K, committed 139312K, reserved 1169408K
  class space    used 17005K, capacity 18615K, committed 19072K, reserved 1048576K
GC Heap History (20 events):
Event: 373.257 GC heap before
{Heap before GC invocations=45 (full 0):
 garbage-first heap   total 262144K, used 160844K [0x0000000080000000, 0x0000000100000000)
  region size 1024K, 13 young (13312K), 7 survivors (7168K)
 Metaspace       used 121044K, capacity 125123K, committed 126512K, reserved 1159168K
  class space    used 15614K, capacity 17128K, committed 17792K, reserved 1048576K
}
Event: 373.265 GC heap after
{Heap after GC invocations=46 (full 0):
 garbage-first heap   total 262144K, used 156873K [0x0000000080000000, 0x0000000100000000)
  region size 1024K, 2 young (2048K), 2 survivors (2048K)
 Metaspace       used 121044K, capacity 125123K, committed 126512K, reserved 1159168K
  class space    used 15614K, capacity 17128K, committed 17792K, reserved 1048576K
}
Event: 373.710 GC heap before
{Heap before GC invocations=47 (full 0):
 garbage-first heap   total 262144K, used 218313K [0x0000000080000000, 0x0000000100000000)
  region size 1024K, 59 young (60416K), 2 survivors (2048K)
 Metaspace       used 125383K, capacity 129471K, committed 130736K, reserved 1161216K
  class space    used 16074K, capacity 17585K, committed 18176K, reserved 1048576K
}
Event: 373.713 GC heap after
{Heap after GC invocations=48 (full 0):
 garbage-first heap   total 262144K, used 158167K [0x0000000080000000, 0x0000000100000000)
  region size 1024K, 4 young (4096K), 4 survivors (4096K)
 Metaspace       used 125383K, capacity 129471K, committed 130736K, reserved 1161216K
  class space    used 16074K, capacity 17585K, committed 18176K, reserved 1048576K
}
Event: 373.776 GC heap before
{Heap before GC invocations=48 (full 0):
 garbage-first heap   total 262144K, used 165335K [0x0000000080000000, 0x0000000100000000)
  region size 1024K, 12 young (12288K), 4 survivors (4096K)
 Metaspace       used 127263K, capacity 131376K, committed 132528K, reserved 1163264K
  class space    used 16304K, capacity 17839K, committed 18432K, reserved 1048576K
}
Event: 373.780 GC heap after
{Heap after GC invocations=49 (full 0):
 garbage-first heap   total 262144K, used 146889K [0x0000000080000000, 0x0000000100000000)
  region size 1024K, 1 young (1024K), 1 survivors (1024K)
 Metaspace       used 127263K, capacity 131376K, committed 132528K, reserved 1163264K
  class space    used 16304K, capacity 17839K, committed 18432K, reserved 1048576K
}
Event: 373.858 GC heap before
{Heap before GC invocations=49 (full 0):
 garbage-first heap   total 262144K, used 153033K [0x0000000080000000, 0x0000000100000000)
  region size 1024K, 8 young (8192K), 1 survivors (1024K)
 Metaspace       used 128036K, capacity 132182K, committed 133424K, reserved 1165312K
  class space    used 16374K, capacity 17937K, committed 18560K, reserved 1048576K
}
Event: 373.860 GC heap after
{Heap after GC invocations=50 (full 0):
 garbage-first heap   total 262144K, used 146829K [0x0000000080000000, 0x0000000100000000)
  region size 1024K, 1 young (1024K), 1 survivors (1024K)
 Metaspace       used 128036K, capacity 132182K, committed 133424K, reserved 1165312K
  class space    used 16374K, capacity 17937K, committed 18560K, reserved 1048576K
}
Event: 375.472 GC heap before
{Heap before GC invocations=51 (full 0):
 garbage-first heap   total 262144K, used 173453K [0x0000000080000000, 0x0000000100000000)
  region size 1024K, 26 young (26624K), 1 survivors (1024K)
 Metaspace       used 129574K, capacity 133713K, committed 135088K, reserved 1165312K
  class space    used 16530K, capacity 18085K, committed 18688K, reserved 1048576K
}
Event: 375.475 GC heap after
{Heap after GC invocations=52 (full 0):
 garbage-first heap   total 262144K, used 152321K [0x0000000080000000, 0x0000000100000000)
  region size 1024K, 6 young (6144K), 6 survivors (6144K)
 Metaspace       used 129574K, capacity 133713K, committed 135088K, reserved 1165312K
  class space    used 16530K, capacity 18085K, committed 18688K, reserved 1048576K
}
Event: 375.640 GC heap before
{Heap before GC invocations=53 (full 0):
 garbage-first heap   total 262144K, used 174849K [0x0000000080000000, 0x0000000100000000)
  region size 1024K, 28 young (28672K), 6 survivors (6144K)
 Metaspace       used 131095K, capacity 135266K, committed 136496K, reserved 1167360K
  class space    used 16662K, capacity 18217K, committed 18816K, reserved 1048576K
}
Event: 375.646 GC heap after
{Heap after GC invocations=54 (full 0):
 garbage-first heap   total 262144K, used 160038K [0x0000000080000000, 0x0000000100000000)
  region size 1024K, 6 young (6144K), 6 survivors (6144K)
 Metaspace       used 131095K, capacity 135266K, committed 136496K, reserved 1167360K
  class space    used 16662K, capacity 18217K, committed 18816K, reserved 1048576K
}
Event: 376.422 GC heap before
{Heap before GC invocations=55 (full 0):
 garbage-first heap   total 262144K, used 198950K [0x0000000080000000, 0x0000000100000000)
  region size 1024K, 43 young (44032K), 6 survivors (6144K)
 Metaspace       used 133415K, capacity 137604K, committed 138544K, reserved 1169408K
  class space    used 16970K, capacity 18566K, committed 19072K, reserved 1048576K
}
Event: 376.424 GC heap after
{Heap after GC invocations=56 (full 0):
 garbage-first heap   total 262144K, used 157766K [0x0000000080000000, 0x0000000100000000)
  region size 1024K, 2 young (2048K), 2 survivors (2048K)
 Metaspace       used 133415K, capacity 137604K, committed 138544K, reserved 1169408K
  class space    used 16970K, capacity 18566K, committed 19072K, reserved 1048576K
}
Event: 376.534 GC heap before
{Heap before GC invocations=56 (full 0):
 garbage-first heap   total 262144K, used 179270K [0x0000000080000000, 0x0000000100000000)
  region size 1024K, 24 young (24576K), 2 survivors (2048K)
 Metaspace       used 133440K, capacity 137735K, committed 138800K, reserved 1169408K
  class space    used 16970K, capacity 18566K, committed 19072K, reserved 1048576K
}
Event: 376.537 GC heap after
{Heap after GC invocations=57 (full 0):
 garbage-first heap   total 262144K, used 160240K [0x0000000080000000, 0x0000000100000000)
  region size 1024K, 5 young (5120K), 5 survivors (5120K)
 Metaspace       used 133440K, capacity 137735K, committed 138800K, reserved 1169408K
  class space    used 16970K, capacity 18566K, committed 19072K, reserved 1048576K
}
Event: 376.739 GC heap before
{Heap before GC invocations=58 (full 0):
 garbage-first heap   total 262144K, used 205296K [0x0000000080000000, 0x0000000100000000)
  region size 1024K, 46 young (47104K), 5 survivors (5120K)
 Metaspace       used 133781K, capacity 138108K, committed 139056K, reserved 1169408K
  class space    used 16990K, capacity 18603K, committed 19072K, reserved 1048576K
}
Event: 376.744 GC heap after
{Heap after GC invocations=59 (full 0):
 garbage-first heap   total 262144K, used 168658K [0x0000000080000000, 0x0000000100000000)
  region size 1024K, 6 young (6144K), 6 survivors (6144K)
 Metaspace       used 133781K, capacity 138108K, committed 139056K, reserved 1169408K
  class space    used 16990K, capacity 18603K, committed 19072K, reserved 1048576K
}
Event: 376.753 GC heap before
{Heap before GC invocations=59 (full 0):
 garbage-first heap   total 262144K, used 174802K [0x0000000080000000, 0x0000000100000000)
  region size 1024K, 12 young (12288K), 6 survivors (6144K)
 Metaspace       used 133798K, capacity 138114K, committed 139056K, reserved 1169408K
  class space    used 16992K, capacity 18605K, committed 19072K, reserved 1048576K
}
Event: 376.758 GC heap after
{Heap after GC invocations=60 (full 0):
 garbage-first heap   total 262144K, used 165193K [0x0000000080000000, 0x0000000100000000)
  region size 1024K, 2 young (2048K), 2 survivors (2048K)
 Metaspace       used 133798K, capacity 138114K, committed 139056K, reserved 1169408K
  class space    used 16992K, capacity 18605K, committed 19072K, reserved 1048576K
}

